INFO:fatiando: ########################################
Fatiando a Terra:
  date: Sat Sep 22 15:58:15 2012
  version: 0.1.dev1
  changeset: 11c1ad20a4fe
########################################
INFO:fatiando.msh.ddd: Generating 3D right rectangular prism mesh:
INFO:fatiando.msh.ddd:   bounds = (x1, x2, y1, y2, z1, z2) = (54866.118000000002, 93599.064000000202, 16044.2839999997, 65732.675999999992, -426.86000000000001, 25000)
INFO:fatiando.msh.ddd:   shape = (nz, ny, nx) = (50, 50, 40)
INFO:fatiando.msh.ddd:   number of prisms = 100000
INFO:fatiando.msh.ddd:   prism dimensions = (dx, dy, dz) = (968.323650000005, 993.7678400000058, 508.5372)
INFO:fatiando.pot.harvester: Creating prism data modules:
INFO:fatiando.pot.harvester:   data misfit norm: 2
INFO:fatiando.pot.harvester:   observations per data type: 70
INFO:fatiando.pot.harvester:   data types: gz
INFO:fatiando.pot.harvester:   total number of observations: 70
INFO:fatiando.pot.harvester: Generating prism seeds:
INFO:fatiando.pot.harvester:   regularizing parameter (mu): 1
INFO:fatiando.pot.harvester:   delta (threshold): 1e-05
INFO:fatiando.pot.harvester:   distance type: relative
INFO:fatiando.pot.harvester:   shape-of-anomaly: True
INFO:fatiando.pot.harvester:   seeds given: 2
INFO:fatiando.pot.harvester:   seeds found: 2
INFO:fatiando.pot.harvester: Harvesting inversion results from planting anomalous densities:
INFO:fatiando.pot.harvester:   iterate: False
INFO:fatiando.pot.harvester:   initial goal function: 0.999759
INFO:fatiando.pot.harvester:   final goal function: 666.643
INFO:fatiando.pot.harvester:   total number of accretions: 2597
INFO:fatiando.pot.harvester:   average time per accretion: 0h 0m 0.01626s
INFO:fatiando.pot.harvester:   total time for inversion: 0h 0m 42.24000s
