INFO:fatiando: ########################################
Fatiando a Terra:
  date: Thu Dec 13 16:41:09 2012
  version: 0.1.dev1
  changeset: 3ff8ce9151db
########################################
INFO:fatiando.msh.ddd: Generating 3D right rectangular prism mesh:
INFO:fatiando.msh.ddd:   bounds = (x1, x2, y1, y2, z1, z2) = [9071903.0, 9135445.0, 569495.4375, 634652.4375, 0, 40000]
INFO:fatiando.msh.ddd:   shape = (nz, ny, nx) = (30, 28, 32)
INFO:fatiando.msh.ddd:   number of prisms = 26880
INFO:fatiando.msh.ddd:   prism dimensions = (dx, dy, dz) = (1985.6875, 2327.035714285714, 1333.3333333333333)
INFO:fatiando.pot.harvester: Creating prism data modules:
INFO:fatiando.pot.harvester:   data misfit norm: 2
INFO:fatiando.pot.harvester:   observations per data type: 400
INFO:fatiando.pot.harvester:   data types: gz
INFO:fatiando.pot.harvester:   total number of observations: 400
INFO:fatiando.pot.harvester: Generating prism seeds:
INFO:fatiando.pot.harvester:   regularizing parameter (mu): 1
INFO:fatiando.pot.harvester:   delta (threshold): 1e-06
INFO:fatiando.pot.harvester:   distance type: relative
INFO:fatiando.pot.harvester:   shape-of-anomaly: True
INFO:fatiando.pot.harvester:   seeds given: 6
INFO:fatiando.pot.harvester:   seeds found: 6
INFO:fatiando.pot.harvester: Harvesting inversion results from planting anomalous densities:
INFO:fatiando.pot.harvester:   iterate: False
INFO:fatiando.pot.harvester:   initial goal function: 0.992417
INFO:fatiando.pot.harvester:   final goal function: 120.068
INFO:fatiando.pot.harvester:   total number of accretions: 884
INFO:fatiando.pot.harvester:   average time per accretion: 0h 0m 0.00617s
INFO:fatiando.pot.harvester:   total time for inversion: 0h 0m 5.45000s
INFO:fatiando: Dimensions of estimate:
INFO:fatiando: length = 35742.4
INFO:fatiando: width  = 34905.5
INFO:fatiando: thick  = 29333.3
INFO:fatiando: L/W    = 1.02397
INFO:fatiando: W/T    = 1.18996
INFO:fatiando: ratio  = 0.860511
