INFO:fatiando: ########################################
Fatiando a Terra:
  date: Tue Dec 11 16:51:50 2012
  version: 0.1.dev1
  changeset: 3ff8ce9151db
########################################
INFO:fatiando.msh.ddd: Generating 3D right rectangular prism mesh:
INFO:fatiando.msh.ddd:   bounds = (x1, x2, y1, y2, z1, z2) = (-1521961.8043899536, -1413676.8465042114, -5398176.1322021484, -5325718.5516357422, -812.24052282055254, 15000)
INFO:fatiando.msh.ddd:   shape = (nz, ny, nx) = (10, 30, 30)
INFO:fatiando.msh.ddd:   number of prisms = 9000
INFO:fatiando.msh.ddd:   prism dimensions = (dx, dy, dz) = (3609.4985961914062, 2415.252685546875, 1581.2240522820553)
INFO:fatiando.pot.harvester: Creating prism data modules:
INFO:fatiando.pot.harvester:   data misfit norm: 2
INFO:fatiando.pot.harvester:   observations per data type: 425
INFO:fatiando.pot.harvester:   data types: gz
INFO:fatiando.pot.harvester:   total number of observations: 425
INFO:fatiando.pot.harvester: Generating prism seeds:
INFO:fatiando.pot.harvester:   regularizing parameter (mu): 1
INFO:fatiando.pot.harvester:   delta (threshold): 1e-06
INFO:fatiando.pot.harvester:   distance type: relative
INFO:fatiando.pot.harvester:   shape-of-anomaly: True
INFO:fatiando.pot.harvester:   seeds given: 5
INFO:fatiando.pot.harvester:   seeds found: 5
INFO:fatiando.pot.harvester: Generating prism seeds:
INFO:fatiando.pot.harvester:   regularizing parameter (mu): 1
INFO:fatiando.pot.harvester:   delta (threshold): 1e-06
INFO:fatiando.pot.harvester:   distance type: relative
INFO:fatiando.pot.harvester:   shape-of-anomaly: True
INFO:fatiando.pot.harvester:   seeds given: 1
INFO:fatiando.pot.harvester:   seeds found: 1
INFO:fatiando.pot.harvester: Harvesting inversion results from planting anomalous densities:
INFO:fatiando.pot.harvester:   iterate: False
INFO:fatiando.pot.harvester:   initial goal function: 0.987098
INFO:fatiando.pot.harvester:   final goal function: 241.896
INFO:fatiando.pot.harvester:   total number of accretions: 585
INFO:fatiando.pot.harvester:   average time per accretion: 0h 0m 0.00610s
INFO:fatiando.pot.harvester:   total time for inversion: 0h 0m 3.57000s
